<?xml version="1.0" encoding="UTF-8"?>
<!-- Generated by org.testng.reporters.JUnitReportReporter -->
<testsuite hostname="DESKTOP-ICEIOGC" failures="0" tests="10" name="testNGFlags.Flag3" time="0.043" errors="0" timestamp="2023-05-26T10:21:04 IST" skipped="0">
  <testcase classname="testNGFlags.Flag3" name="method1" time="0.003"/>
  <system-out>
    <![CDATA[Login Test Case !!!]]>
  </system-out>
  <testcase classname="testNGFlags.Flag3" name="method1" time="0.002"/>
  <system-out>
    <![CDATA[Login Test Case !!!]]>
  </system-out>
  <testcase classname="testNGFlags.Flag3" name="method1" time="0.005"/>
  <system-out>
    <![CDATA[Login Test Case !!!]]>
  </system-out>
  <testcase classname="testNGFlags.Flag3" name="method1" time="0.002"/>
  <system-out>
    <![CDATA[Login Test Case !!!]]>
  </system-out>
  <testcase classname="testNGFlags.Flag3" name="method1" time="0.003"/>
  <system-out>
    <![CDATA[Login Test Case !!!]]>
  </system-out>
  <testcase classname="testNGFlags.Flag3" name="method1" time="0.004"/>
  <system-out>
    <![CDATA[Login Test Case !!!]]>
  </system-out>
  <testcase classname="testNGFlags.Flag3" name="method1" time="0.004"/>
  <system-out>
    <![CDATA[Login Test Case !!!]]>
  </system-out>
  <testcase classname="testNGFlags.Flag3" name="method1" time="0.013"/>
  <system-out>
    <![CDATA[Login Test Case !!!]]>
  </system-out>
  <testcase classname="testNGFlags.Flag3" name="method1" time="0.002"/>
  <system-out>
    <![CDATA[Login Test Case !!!]]>
  </system-out>
  <testcase classname="testNGFlags.Flag3" name="method1" time="0.005"/>
  <system-out>
    <![CDATA[Login Test Case !!!]]>
  </system-out>
</testsuite> <!-- testNGFlags.Flag3 -->
