<?xml version="1.0" encoding="UTF-8"?>
<!-- Generated by org.testng.reporters.JUnitReportReporter -->
<testsuite hostname="DESKTOP-ICEIOGC" failures="0" tests="1" name="testNGPack2.Test2" time="7.359" errors="0" timestamp="2023-05-24T09:40:33 IST" skipped="0">
  <testcase classname="testNGPack2.Test2" name="test2Method" time="7.359"/>
  <system-out/>
</testsuite> <!-- testNGPack2.Test2 -->
