<?xml version="1.0" encoding="UTF-8"?>
<!-- Generated by org.testng.reporters.JUnitReportReporter -->
<testsuite hostname="DESKTOP-ICEIOGC" failures="0" tests="1" name="testNGPackage.Remo" time="0.005" errors="0" timestamp="2023-05-22T10:26:31 IST" skipped="0">
  <testcase classname="testNGPackage.Remo" name="f" time="0.005"/>
  <system-out>
    <![CDATA[Hello Java!!!]]>
  </system-out>
</testsuite> <!-- testNGPackage.Remo -->
