<?xml version="1.0" encoding="UTF-8"?>
<!-- Generated by org.testng.reporters.JUnitReportReporter -->
<testsuite hostname="DESKTOP-ICEIOGC" failures="0" tests="3" name="testNGFlags.Flag5" time="0.023" errors="0" timestamp="2023-05-26T10:58:06 IST" skipped="0">
  <testcase classname="testNGFlags.Flag5" name="createUserMethod" time="0.004"/>
  <system-out>
    <![CDATA[CreateUser performed!!]]>
  </system-out>
  <testcase classname="testNGFlags.Flag5" name="logoutMethod" time="0.004"/>
  <system-out>
    <![CDATA[Logout performed!!]]>
  </system-out>
  <testcase classname="testNGFlags.Flag5" name="loginMethod" time="0.015"/>
  <system-out>
    <![CDATA[Login performed!!]]>
  </system-out>
</testsuite> <!-- testNGFlags.Flag5 -->
