<?xml version="1.0" encoding="UTF-8"?>
<!-- Generated by org.testng.reporters.JUnitReportReporter -->
<testsuite hostname="DESKTOP-ICEIOGC" failures="0" tests="2" name="testNGPackage.Demo" time="0.015" errors="0" timestamp="2023-05-22T10:26:31 IST" skipped="0">
  <testcase classname="testNGPackage.Demo" name="g" time="0.002"/>
  <system-out>
    <![CDATA[HEY Java!!!]]>
  </system-out>
  <testcase classname="testNGPackage.Demo" name="f" time="0.013"/>
  <system-out>
    <![CDATA[Hello TestNG!!!]]>
  </system-out>
</testsuite> <!-- testNGPackage.Demo -->
