<?xml version="1.0" encoding="UTF-8"?>
<!-- Generated by org.testng.reporters.JUnitReportReporter -->
<testsuite hostname="DESKTOP-ICEIOGC" failures="0" tests="2" name="testNGExecution.SelectBrowser" time="10.382" errors="0" timestamp="2023-05-25T17:50:52 IST" skipped="0">
  <testcase classname="testNGExecution.SelectBrowser" name="method1" time="5.992"/>
  <system-out/>
  <testcase classname="testNGExecution.SelectBrowser" name="method1" time="4.390"/>
  <system-out/>
</testsuite> <!-- testNGExecution.SelectBrowser -->
