<?xml version="1.0" encoding="UTF-8"?>
<!-- Generated by org.testng.reporters.JUnitReportReporter -->
<testsuite hostname="DESKTOP-ICEIOGC" failures="0" tests="2" name="testNGAnnotation.Annotations" time="0.037" errors="0" timestamp="2023-05-23T10:16:00 IST" skipped="0">
  <testcase classname="testNGAnnotation.Annotations" name="testMethod" time="0.019"/>
  <system-out>
    <![CDATA[Test Annotation2]]>
  </system-out>
  <testcase classname="testNGAnnotation.Annotations" name="f" time="0.018"/>
  <system-out>
    <![CDATA[Test Annotation]]>
  </system-out>
</testsuite> <!-- testNGAnnotation.Annotations -->
