<?xml version="1.0" encoding="UTF-8"?>
<!-- Generated by org.testng.reporters.JUnitReportReporter -->
<testsuite hostname="DESKTOP-ICEIOGC" failures="0" tests="3" name="testNGAnnotation.GoogleSearchTestCase" time="20.100" errors="0" timestamp="2023-05-23T14:29:01 IST" skipped="0">
  <testcase classname="testNGAnnotation.GoogleSearchTestCase" name="search1" time="5.048"/>
  <system-out/>
  <testcase classname="testNGAnnotation.GoogleSearchTestCase" name="search2" time="6.303"/>
  <system-out/>
  <testcase classname="testNGAnnotation.GoogleSearchTestCase" name="search3" time="8.749"/>
  <system-out/>
</testsuite> <!-- testNGAnnotation.GoogleSearchTestCase -->
