<?xml version="1.0" encoding="UTF-8"?>
<!-- Generated by org.testng.reporters.JUnitReportReporter -->
<testsuite hostname="DESKTOP-ICEIOGC" failures="0" tests="2" name="testNGPack2.MethodExecution" time="0.028" errors="0" timestamp="2023-05-24T10:17:35 IST" skipped="0">
  <testcase classname="testNGPack2.MethodExecution" name="method2" time="0.014"/>
  <system-out>
    <![CDATA[18 : is the thread id of Method
method2]]>
  </system-out>
  <testcase classname="testNGPack2.MethodExecution" name="method1" time="0.014"/>
  <system-out>
    <![CDATA[17 : is the thread id of Method
method1]]>
  </system-out>
</testsuite> <!-- testNGPack2.MethodExecution -->
