<?xml version="1.0" encoding="UTF-8"?>
<!-- Generated by org.testng.reporters.JUnitReportReporter -->
<testsuite hostname="DESKTOP-ICEIOGC" failures="0" tests="6" name="testNGFlags.Flag7" time="0.040" errors="0" timestamp="2023-05-27T15:07:49 IST" skipped="0">
  <testcase classname="testNGFlags.Flag7" name="itc5" time="0.003"/>
  <system-out>
    <![CDATA[ITC5]]>
  </system-out>
  <testcase classname="testNGFlags.Flag7" name="itc3" time="0.002"/>
  <system-out>
    <![CDATA[ITC3]]>
  </system-out>
  <testcase classname="testNGFlags.Flag7" name="itc4" time="0.002"/>
  <system-out>
    <![CDATA[ITC4]]>
  </system-out>
  <testcase classname="testNGFlags.Flag7" name="itc1" time="0.017"/>
  <system-out>
    <![CDATA[ITC1]]>
  </system-out>
  <testcase classname="testNGFlags.Flag7" name="itc2" time="0.003"/>
  <system-out>
    <![CDATA[ITC2]]>
  </system-out>
  <testcase classname="testNGFlags.Flag7" name="itc6" time="0.013"/>
  <system-out>
    <![CDATA[ITC6]]>
  </system-out>
</testsuite> <!-- testNGFlags.Flag7 -->
