<?xml version="1.0" encoding="UTF-8"?>
<!-- Generated by org.testng.reporters.JUnitReportReporter -->
<testsuite hostname="DESKTOP-ICEIOGC" failures="0" tests="8" name="testNGFlags.Flag4" time="0.036" errors="0" timestamp="2023-05-26T10:41:21 IST" skipped="0">
  <testcase classname="testNGFlags.Flag4" name="p" time="0.013"/>
  <system-out>
    <![CDATA[p Method!!]]>
  </system-out>
  <testcase classname="testNGFlags.Flag4" name="z" time="0.002"/>
  <system-out>
    <![CDATA[z Method!!]]>
  </system-out>
  <testcase classname="testNGFlags.Flag4" name="g" time="0.002"/>
  <system-out>
    <![CDATA[g Method!!]]>
  </system-out>
  <testcase classname="testNGFlags.Flag4" name="m" time="0.002"/>
  <system-out>
    <![CDATA[m Method!!]]>
  </system-out>
  <testcase classname="testNGFlags.Flag4" name="f" time="0.003"/>
  <system-out>
    <![CDATA[f Method!!]]>
  </system-out>
  <testcase classname="testNGFlags.Flag4" name="a" time="0.012"/>
  <system-out>
    <![CDATA[a Method!!]]>
  </system-out>
  <testcase classname="testNGFlags.Flag4" name="e" time="0.001"/>
  <system-out>
    <![CDATA[e Method!!]]>
  </system-out>
  <testcase classname="testNGFlags.Flag4" name="k" time="0.001"/>
  <system-out>
    <![CDATA[k Method!!]]>
  </system-out>
</testsuite> <!-- testNGFlags.Flag4 -->
