<?xml version="1.0" encoding="UTF-8"?>
<!-- Generated by org.testng.reporters.JUnitReportReporter -->
<testsuite hostname="DESKTOP-ICEIOGC" failures="0" tests="1" name="testNGPack2.Test1" time="14.379" errors="0" timestamp="2023-05-24T09:40:33 IST" skipped="0">
  <testcase classname="testNGPack2.Test1" name="test1Method" time="14.379"/>
  <system-out/>
</testsuite> <!-- testNGPack2.Test1 -->
