<?xml version="1.0" encoding="UTF-8"?>
<!-- Generated by org.testng.reporters.JUnitReportReporter -->
<testsuite hostname="DESKTOP-ICEIOGC" failures="0" tests="3" name="testNGPack2.DemoTest1" time="0.006" errors="0" timestamp="2023-05-24T09:21:05 IST" skipped="0">
  <testcase classname="testNGPack2.DemoTest1" name="a" time="0.003"/>
  <system-out>
    <![CDATA[a method from DemoTest1]]>
  </system-out>
  <testcase classname="testNGPack2.DemoTest1" name="c" time="0.001"/>
  <system-out>
    <![CDATA[c method from DemoTest1]]>
  </system-out>
  <testcase classname="testNGPack2.DemoTest1" name="b" time="0.002"/>
  <system-out>
    <![CDATA[b method from DemoTest1]]>
  </system-out>
</testsuite> <!-- testNGPack2.DemoTest1 -->
