<?xml version="1.0" encoding="UTF-8"?>
<!-- Generated by org.testng.reporters.JUnitReportReporter -->
<testsuite hostname="DESKTOP-ICEIOGC" failures="0" tests="5" name="dynamicScreenShots.ActiTimeDataProvider" time="29.701" errors="0" timestamp="2023-06-01T14:30:23 IST" skipped="0">
  <testcase classname="dynamicScreenShots.ActiTimeDataProvider" name="loginInvalid" time="4.791"/>
  <system-out/>
  <testcase classname="dynamicScreenShots.ActiTimeDataProvider" name="loginInvalid" time="4.823"/>
  <system-out/>
  <testcase classname="dynamicScreenShots.ActiTimeDataProvider" name="loginInvalid" time="10.591"/>
  <system-out/>
  <testcase classname="dynamicScreenShots.ActiTimeDataProvider" name="loginInvalid" time="4.656"/>
  <system-out/>
  <testcase classname="dynamicScreenShots.ActiTimeDataProvider" name="loginInvalid" time="4.840"/>
  <system-out/>
</testsuite> <!-- dynamicScreenShots.ActiTimeDataProvider -->
